2023-08-28 18:23:52,984:WARNING:
'cuml' is a soft dependency and not included in the pycaret installation. Please run: `pip install cuml` to install.
2023-08-28 18:23:52,984:WARNING:
'cuml' is a soft dependency and not included in the pycaret installation. Please run: `pip install cuml` to install.
2023-08-28 18:23:52,984:WARNING:
'cuml' is a soft dependency and not included in the pycaret installation. Please run: `pip install cuml` to install.
2023-08-28 18:23:52,984:WARNING:
'cuml' is a soft dependency and not included in the pycaret installation. Please run: `pip install cuml` to install.
2023-08-28 18:28:28,204:WARNING:
'cuml' is a soft dependency and not included in the pycaret installation. Please run: `pip install cuml` to install.
2023-08-28 18:28:28,205:WARNING:
'cuml' is a soft dependency and not included in the pycaret installation. Please run: `pip install cuml` to install.
2023-08-28 18:28:28,205:WARNING:
'cuml' is a soft dependency and not included in the pycaret installation. Please run: `pip install cuml` to install.
2023-08-28 18:28:28,205:WARNING:
'cuml' is a soft dependency and not included in the pycaret installation. Please run: `pip install cuml` to install.
2023-08-28 18:29:59,957:WARNING:
'cuml' is a soft dependency and not included in the pycaret installation. Please run: `pip install cuml` to install.
2023-08-28 18:29:59,957:WARNING:
'cuml' is a soft dependency and not included in the pycaret installation. Please run: `pip install cuml` to install.
2023-08-28 18:29:59,957:WARNING:
'cuml' is a soft dependency and not included in the pycaret installation. Please run: `pip install cuml` to install.
2023-08-28 18:29:59,957:WARNING:
'cuml' is a soft dependency and not included in the pycaret installation. Please run: `pip install cuml` to install.
2023-08-28 18:32:09,165:WARNING:
'cuml' is a soft dependency and not included in the pycaret installation. Please run: `pip install cuml` to install.
2023-08-28 18:32:09,165:WARNING:
'cuml' is a soft dependency and not included in the pycaret installation. Please run: `pip install cuml` to install.
2023-08-28 18:32:09,165:WARNING:
'cuml' is a soft dependency and not included in the pycaret installation. Please run: `pip install cuml` to install.
2023-08-28 18:32:09,165:WARNING:
'cuml' is a soft dependency and not included in the pycaret installation. Please run: `pip install cuml` to install.
2023-08-28 18:32:09,771:INFO:PyCaret RegressionExperiment
2023-08-28 18:32:09,771:INFO:Logging name: reg-default-name
2023-08-28 18:32:09,771:INFO:ML Usecase: MLUsecase.REGRESSION
2023-08-28 18:32:09,771:INFO:version 3.0.4
2023-08-28 18:32:09,771:INFO:Initializing setup()
2023-08-28 18:32:09,771:INFO:self.USI: 920a
2023-08-28 18:32:09,771:INFO:self._variable_keys: {'y', 'html_param', 'exp_name_log', 'n_jobs_param', 'transform_target_param', 'exp_id', 'y_train', '_available_plots', 'logging_param', 'data', 'log_plots_param', 'X_train', 'X', 'USI', 'fold_groups_param', 'fold_generator', 'y_test', 'idx', 'memory', 'X_test', 'pipeline', 'target_param', 'seed', '_ml_usecase', 'gpu_param', 'gpu_n_jobs_param', 'fold_shuffle_param'}
2023-08-28 18:32:09,771:INFO:Checking environment
2023-08-28 18:32:09,772:INFO:python_version: 3.10.8
2023-08-28 18:32:09,772:INFO:python_build: ('main', 'Aug 19 2023 00:31:12')
2023-08-28 18:32:09,772:INFO:machine: x86_64
2023-08-28 18:32:09,774:INFO:platform: Linux-5.15.0-1041-azure-x86_64-with-glibc2.31
2023-08-28 18:32:09,774:INFO:Memory: svmem(total=4104077312, available=1965785088, percent=52.1, used=1820327936, free=147628032, active=602103808, inactive=2901549056, buffers=249421824, cached=1886699520, shared=4468736, slab=299720704)
2023-08-28 18:32:09,775:INFO:Physical Core: 1
2023-08-28 18:32:09,775:INFO:Logical Core: 2
2023-08-28 18:32:09,775:INFO:Checking libraries
2023-08-28 18:32:09,775:INFO:System:
2023-08-28 18:32:09,776:INFO:    python: 3.10.8 (main, Aug 19 2023, 00:31:12) [GCC 9.4.0]
2023-08-28 18:32:09,776:INFO:executable: /workspaces/GCP-Kubernetes-ML-app/venv/bin/python
2023-08-28 18:32:09,776:INFO:   machine: Linux-5.15.0-1041-azure-x86_64-with-glibc2.31
2023-08-28 18:32:09,776:INFO:PyCaret required dependencies:
2023-08-28 18:32:09,826:INFO:                 pip: 23.2.1
2023-08-28 18:32:09,827:INFO:          setuptools: 68.0.0
2023-08-28 18:32:09,827:INFO:             pycaret: 3.0.4
2023-08-28 18:32:09,827:INFO:             IPython: 8.14.0
2023-08-28 18:32:09,827:INFO:          ipywidgets: 8.1.0
2023-08-28 18:32:09,827:INFO:                tqdm: 4.66.1
2023-08-28 18:32:09,827:INFO:               numpy: 1.23.5
2023-08-28 18:32:09,827:INFO:              pandas: 1.5.3
2023-08-28 18:32:09,827:INFO:              jinja2: 3.1.2
2023-08-28 18:32:09,827:INFO:               scipy: 1.11.2
2023-08-28 18:32:09,828:INFO:              joblib: 1.3.2
2023-08-28 18:32:09,828:INFO:             sklearn: 1.2.2
2023-08-28 18:32:09,828:INFO:                pyod: 1.1.0
2023-08-28 18:32:09,828:INFO:            imblearn: 0.11.0
2023-08-28 18:32:09,828:INFO:   category_encoders: 2.6.2
2023-08-28 18:32:09,828:INFO:            lightgbm: 4.0.0
2023-08-28 18:32:09,828:INFO:               numba: 0.57.1
2023-08-28 18:32:09,828:INFO:            requests: 2.31.0
2023-08-28 18:32:09,828:INFO:          matplotlib: 3.7.2
2023-08-28 18:32:09,828:INFO:          scikitplot: 0.3.7
2023-08-28 18:32:09,828:INFO:         yellowbrick: 1.5
2023-08-28 18:32:09,828:INFO:              plotly: 5.16.1
2023-08-28 18:32:09,829:INFO:    plotly-resampler: Not installed
2023-08-28 18:32:09,829:INFO:             kaleido: 0.2.1
2023-08-28 18:32:09,829:INFO:           schemdraw: 0.15
2023-08-28 18:32:09,829:INFO:         statsmodels: 0.14.0
2023-08-28 18:32:09,829:INFO:              sktime: 0.22.0
2023-08-28 18:32:09,829:INFO:               tbats: 1.1.3
2023-08-28 18:32:09,829:INFO:            pmdarima: 2.0.3
2023-08-28 18:32:09,829:INFO:              psutil: 5.9.5
2023-08-28 18:32:09,829:INFO:          markupsafe: 2.1.3
2023-08-28 18:32:09,829:INFO:             pickle5: Not installed
2023-08-28 18:32:09,829:INFO:         cloudpickle: 2.2.1
2023-08-28 18:32:09,830:INFO:         deprecation: 2.1.0
2023-08-28 18:32:09,830:INFO:              xxhash: 3.3.0
2023-08-28 18:32:09,830:INFO:           wurlitzer: 3.0.3
2023-08-28 18:32:09,830:INFO:PyCaret optional dependencies:
2023-08-28 18:32:09,850:INFO:                shap: Not installed
2023-08-28 18:32:09,850:INFO:           interpret: Not installed
2023-08-28 18:32:09,850:INFO:                umap: Not installed
2023-08-28 18:32:09,850:INFO:    pandas_profiling: Not installed
2023-08-28 18:32:09,850:INFO:  explainerdashboard: Not installed
2023-08-28 18:32:09,850:INFO:             autoviz: Not installed
2023-08-28 18:32:09,850:INFO:           fairlearn: Not installed
2023-08-28 18:32:09,850:INFO:          deepchecks: Not installed
2023-08-28 18:32:09,850:INFO:             xgboost: Not installed
2023-08-28 18:32:09,851:INFO:            catboost: Not installed
2023-08-28 18:32:09,851:INFO:              kmodes: Not installed
2023-08-28 18:32:09,851:INFO:             mlxtend: Not installed
2023-08-28 18:32:09,851:INFO:       statsforecast: Not installed
2023-08-28 18:32:09,851:INFO:        tune_sklearn: Not installed
2023-08-28 18:32:09,851:INFO:                 ray: Not installed
2023-08-28 18:32:09,851:INFO:            hyperopt: Not installed
2023-08-28 18:32:09,851:INFO:              optuna: Not installed
2023-08-28 18:32:09,851:INFO:               skopt: Not installed
2023-08-28 18:32:09,851:INFO:              mlflow: Not installed
2023-08-28 18:32:09,851:INFO:              gradio: Not installed
2023-08-28 18:32:09,851:INFO:             fastapi: Not installed
2023-08-28 18:32:09,852:INFO:             uvicorn: Not installed
2023-08-28 18:32:09,852:INFO:              m2cgen: Not installed
2023-08-28 18:32:09,852:INFO:           evidently: Not installed
2023-08-28 18:32:09,852:INFO:               fugue: Not installed
2023-08-28 18:32:09,852:INFO:           streamlit: 1.26.0
2023-08-28 18:32:09,852:INFO:             prophet: Not installed
2023-08-28 18:32:09,852:INFO:None
2023-08-28 18:32:09,852:INFO:Set up data.
2023-08-28 18:32:09,874:INFO:Set up train/test split.
2023-08-28 18:32:09,883:INFO:Set up index.
2023-08-28 18:32:09,885:INFO:Set up folding strategy.
2023-08-28 18:32:09,885:INFO:Assigning column types.
2023-08-28 18:32:09,899:INFO:Engine successfully changes for model 'lr' to 'sklearn'.
2023-08-28 18:32:09,899:INFO:Engine for model 'lasso' has not been set explicitly, hence returning None.
2023-08-28 18:32:09,908:INFO:Engine for model 'ridge' has not been set explicitly, hence returning None.
2023-08-28 18:32:09,916:INFO:Engine for model 'en' has not been set explicitly, hence returning None.
2023-08-28 18:32:09,981:INFO:Engine for model 'svm' has not been set explicitly, hence returning None.
2023-08-28 18:32:10,030:INFO:Engine for model 'knn' has not been set explicitly, hence returning None.
2023-08-28 18:32:10,031:WARNING:
'xgboost' is a soft dependency and not included in the pycaret installation. Please run: `pip install xgboost` to install.
Alternately, you can install this by running `pip install pycaret[models]`
2023-08-28 18:32:10,032:WARNING:
'catboost' is a soft dependency and not included in the pycaret installation. Please run: `pip install catboost` to install.
Alternately, you can install this by running `pip install pycaret[models]`
2023-08-28 18:32:10,032:INFO:Engine for model 'lasso' has not been set explicitly, hence returning None.
2023-08-28 18:32:10,036:INFO:Engine for model 'ridge' has not been set explicitly, hence returning None.
2023-08-28 18:32:10,041:INFO:Engine for model 'en' has not been set explicitly, hence returning None.
2023-08-28 18:32:10,100:INFO:Engine for model 'svm' has not been set explicitly, hence returning None.
2023-08-28 18:32:10,141:INFO:Engine for model 'knn' has not been set explicitly, hence returning None.
2023-08-28 18:32:10,142:WARNING:
'xgboost' is a soft dependency and not included in the pycaret installation. Please run: `pip install xgboost` to install.
Alternately, you can install this by running `pip install pycaret[models]`
2023-08-28 18:32:10,142:WARNING:
'catboost' is a soft dependency and not included in the pycaret installation. Please run: `pip install catboost` to install.
Alternately, you can install this by running `pip install pycaret[models]`
2023-08-28 18:32:10,142:INFO:Engine successfully changes for model 'lasso' to 'sklearn'.
2023-08-28 18:32:10,147:INFO:Engine for model 'ridge' has not been set explicitly, hence returning None.
2023-08-28 18:32:10,151:INFO:Engine for model 'en' has not been set explicitly, hence returning None.
2023-08-28 18:32:10,207:INFO:Engine for model 'svm' has not been set explicitly, hence returning None.
2023-08-28 18:32:10,248:INFO:Engine for model 'knn' has not been set explicitly, hence returning None.
2023-08-28 18:32:10,249:WARNING:
'xgboost' is a soft dependency and not included in the pycaret installation. Please run: `pip install xgboost` to install.
Alternately, you can install this by running `pip install pycaret[models]`
2023-08-28 18:32:10,249:WARNING:
'catboost' is a soft dependency and not included in the pycaret installation. Please run: `pip install catboost` to install.
Alternately, you can install this by running `pip install pycaret[models]`
2023-08-28 18:32:10,253:INFO:Engine for model 'ridge' has not been set explicitly, hence returning None.
2023-08-28 18:32:10,258:INFO:Engine for model 'en' has not been set explicitly, hence returning None.
2023-08-28 18:32:10,313:INFO:Engine for model 'svm' has not been set explicitly, hence returning None.
2023-08-28 18:32:10,355:INFO:Engine for model 'knn' has not been set explicitly, hence returning None.
2023-08-28 18:32:10,355:WARNING:
'xgboost' is a soft dependency and not included in the pycaret installation. Please run: `pip install xgboost` to install.
Alternately, you can install this by running `pip install pycaret[models]`
2023-08-28 18:32:10,356:WARNING:
'catboost' is a soft dependency and not included in the pycaret installation. Please run: `pip install catboost` to install.
Alternately, you can install this by running `pip install pycaret[models]`
2023-08-28 18:32:10,356:INFO:Engine successfully changes for model 'ridge' to 'sklearn'.
2023-08-28 18:32:10,364:INFO:Engine for model 'en' has not been set explicitly, hence returning None.
2023-08-28 18:32:10,419:INFO:Engine for model 'svm' has not been set explicitly, hence returning None.
2023-08-28 18:32:10,460:INFO:Engine for model 'knn' has not been set explicitly, hence returning None.
2023-08-28 18:32:10,461:WARNING:
'xgboost' is a soft dependency and not included in the pycaret installation. Please run: `pip install xgboost` to install.
Alternately, you can install this by running `pip install pycaret[models]`
2023-08-28 18:32:10,462:WARNING:
'catboost' is a soft dependency and not included in the pycaret installation. Please run: `pip install catboost` to install.
Alternately, you can install this by running `pip install pycaret[models]`
2023-08-28 18:32:10,470:INFO:Engine for model 'en' has not been set explicitly, hence returning None.
2023-08-28 18:32:10,538:INFO:Engine for model 'svm' has not been set explicitly, hence returning None.
2023-08-28 18:32:10,609:INFO:Engine for model 'knn' has not been set explicitly, hence returning None.
2023-08-28 18:32:10,611:WARNING:
'xgboost' is a soft dependency and not included in the pycaret installation. Please run: `pip install xgboost` to install.
Alternately, you can install this by running `pip install pycaret[models]`
2023-08-28 18:32:10,611:WARNING:
'catboost' is a soft dependency and not included in the pycaret installation. Please run: `pip install catboost` to install.
Alternately, you can install this by running `pip install pycaret[models]`
2023-08-28 18:32:10,612:INFO:Engine successfully changes for model 'en' to 'sklearn'.
2023-08-28 18:32:10,677:INFO:Engine for model 'svm' has not been set explicitly, hence returning None.
2023-08-28 18:32:10,720:INFO:Engine for model 'knn' has not been set explicitly, hence returning None.
2023-08-28 18:32:10,720:WARNING:
'xgboost' is a soft dependency and not included in the pycaret installation. Please run: `pip install xgboost` to install.
Alternately, you can install this by running `pip install pycaret[models]`
2023-08-28 18:32:10,721:WARNING:
'catboost' is a soft dependency and not included in the pycaret installation. Please run: `pip install catboost` to install.
Alternately, you can install this by running `pip install pycaret[models]`
2023-08-28 18:32:10,802:INFO:Engine for model 'svm' has not been set explicitly, hence returning None.
2023-08-28 18:32:10,844:INFO:Engine for model 'knn' has not been set explicitly, hence returning None.
2023-08-28 18:32:10,845:WARNING:
'xgboost' is a soft dependency and not included in the pycaret installation. Please run: `pip install xgboost` to install.
Alternately, you can install this by running `pip install pycaret[models]`
2023-08-28 18:32:10,845:WARNING:
'catboost' is a soft dependency and not included in the pycaret installation. Please run: `pip install catboost` to install.
Alternately, you can install this by running `pip install pycaret[models]`
2023-08-28 18:32:10,846:INFO:Engine successfully changes for model 'knn' to 'sklearn'.
2023-08-28 18:32:10,915:INFO:Engine for model 'svm' has not been set explicitly, hence returning None.
2023-08-28 18:32:10,957:WARNING:
'xgboost' is a soft dependency and not included in the pycaret installation. Please run: `pip install xgboost` to install.
Alternately, you can install this by running `pip install pycaret[models]`
2023-08-28 18:32:10,958:WARNING:
'catboost' is a soft dependency and not included in the pycaret installation. Please run: `pip install catboost` to install.
Alternately, you can install this by running `pip install pycaret[models]`
2023-08-28 18:32:11,022:INFO:Engine for model 'svm' has not been set explicitly, hence returning None.
2023-08-28 18:32:11,074:WARNING:
'xgboost' is a soft dependency and not included in the pycaret installation. Please run: `pip install xgboost` to install.
Alternately, you can install this by running `pip install pycaret[models]`
2023-08-28 18:32:11,074:WARNING:
'catboost' is a soft dependency and not included in the pycaret installation. Please run: `pip install catboost` to install.
Alternately, you can install this by running `pip install pycaret[models]`
2023-08-28 18:32:11,075:INFO:Engine successfully changes for model 'svm' to 'sklearn'.
2023-08-28 18:32:11,180:WARNING:
'xgboost' is a soft dependency and not included in the pycaret installation. Please run: `pip install xgboost` to install.
Alternately, you can install this by running `pip install pycaret[models]`
2023-08-28 18:32:11,181:WARNING:
'catboost' is a soft dependency and not included in the pycaret installation. Please run: `pip install catboost` to install.
Alternately, you can install this by running `pip install pycaret[models]`
2023-08-28 18:32:11,285:WARNING:
'xgboost' is a soft dependency and not included in the pycaret installation. Please run: `pip install xgboost` to install.
Alternately, you can install this by running `pip install pycaret[models]`
2023-08-28 18:32:11,286:WARNING:
'catboost' is a soft dependency and not included in the pycaret installation. Please run: `pip install catboost` to install.
Alternately, you can install this by running `pip install pycaret[models]`
2023-08-28 18:32:11,288:INFO:Preparing preprocessing pipeline...
2023-08-28 18:32:11,288:INFO:Set up simple imputation.
2023-08-28 18:32:11,292:INFO:Set up encoding of ordinal features.
2023-08-28 18:32:11,295:INFO:Set up encoding of categorical features.
2023-08-28 18:32:11,295:INFO:Set up polynomial features.
2023-08-28 18:32:11,295:INFO:Set up binning of numerical features.
2023-08-28 18:32:11,296:INFO:Set up feature normalization.
2023-08-28 18:32:11,296:INFO:Set up feature selection.
2023-08-28 18:32:11,432:WARNING:
'xgboost' is a soft dependency and not included in the pycaret installation. Please run: `pip install xgboost` to install.
Alternately, you can install this by running `pip install pycaret[models]`
2023-08-28 18:32:11,433:WARNING:
'catboost' is a soft dependency and not included in the pycaret installation. Please run: `pip install catboost` to install.
Alternately, you can install this by running `pip install pycaret[models]`
2023-08-28 18:32:12,048:INFO:Finished creating preprocessing pipeline.
2023-08-28 18:32:12,098:INFO:Pipeline: Pipeline(memory=FastMemory(location=/tmp/joblib),
         steps=[('numerical_imputer',
                 TransformerWrapper(include=['age', 'bmi', 'children'],
                                    transformer=SimpleImputer())),
                ('categorical_imputer',
                 TransformerWrapper(include=['sex', 'smoker', 'region'],
                                    transformer=SimpleImputer(strategy='most_frequent'))),
                ('ordinal_encoding',
                 TransformerWrapper(include=['sex', 'smoker...
                 TransformerWrapper(transformer=PolynomialFeatures(include_bias=False))),
                ('bin_numeric_features',
                 TransformerWrapper(include=['age', 'bmi'],
                                    transformer=KBinsDiscretizer(encode='ordinal',
                                                                 strategy='kmeans'))),
                ('normalize', TransformerWrapper(transformer=StandardScaler())),
                ('feature_selection',
                 TransformerWrapper(exclude=[],
                                    transformer=SelectFromModel(estimator=LGBMRegressor(),
                                                                max_features=1,
                                                                threshold=-inf)))])
2023-08-28 18:32:12,099:INFO:Creating final display dataframe.
2023-08-28 18:32:12,506:INFO:Setup _display_container:                     Description             Value
0                    Session id               123
1                        Target           charges
2                   Target type        Regression
3           Original data shape         (1338, 7)
4        Transformed data shape         (1338, 2)
5   Transformed train set shape          (936, 2)
6    Transformed test set shape          (402, 2)
7              Ordinal features                 2
8              Numeric features                 3
9          Categorical features                 3
10                   Preprocess              True
11              Imputation type            simple
12           Numeric imputation              mean
13       Categorical imputation              mode
14     Maximum one-hot encoding                25
15              Encoding method              None
16          Polynomial features              True
17            Polynomial degree                 2
18                    Normalize              True
19             Normalize method            zscore
20            Feature selection              True
21     Feature selection method           classic
22  Feature selection estimator          lightgbm
23  Number of features selected               0.2
24               Fold Generator             KFold
25                  Fold Number                10
26                     CPU Jobs                -1
27                      Use GPU             False
28               Log Experiment             False
29              Experiment Name  reg-default-name
30                          USI              920a
2023-08-28 18:32:12,620:WARNING:
'xgboost' is a soft dependency and not included in the pycaret installation. Please run: `pip install xgboost` to install.
Alternately, you can install this by running `pip install pycaret[models]`
2023-08-28 18:32:12,621:WARNING:
'catboost' is a soft dependency and not included in the pycaret installation. Please run: `pip install catboost` to install.
Alternately, you can install this by running `pip install pycaret[models]`
2023-08-28 18:32:12,729:WARNING:
'xgboost' is a soft dependency and not included in the pycaret installation. Please run: `pip install xgboost` to install.
Alternately, you can install this by running `pip install pycaret[models]`
2023-08-28 18:32:12,729:WARNING:
'catboost' is a soft dependency and not included in the pycaret installation. Please run: `pip install catboost` to install.
Alternately, you can install this by running `pip install pycaret[models]`
2023-08-28 18:32:12,730:INFO:setup() successfully completed in 2.96s...............
2023-08-28 18:32:12,730:INFO:Initializing create_model()
2023-08-28 18:32:12,730:INFO:create_model(self=<pycaret.regression.oop.RegressionExperiment object at 0x7f82fa753f40>, estimator=lr, fold=None, round=4, cross_validation=True, predict=True, fit_kwargs=None, groups=None, refit=True, probability_threshold=None, experiment_custom_tags=None, verbose=True, system=True, add_to_model_list=True, metrics=None, display=None, model_only=True, return_train_score=False, kwargs={})
2023-08-28 18:32:12,730:INFO:Checking exceptions
2023-08-28 18:32:12,732:INFO:Importing libraries
2023-08-28 18:32:12,732:INFO:Copying training dataset
2023-08-28 18:32:12,736:INFO:Defining folds
2023-08-28 18:32:12,737:INFO:Declaring metric variables
2023-08-28 18:32:12,737:INFO:Importing untrained model
2023-08-28 18:32:12,737:INFO:Linear Regression Imported successfully
2023-08-28 18:32:12,737:INFO:Starting cross validation
2023-08-28 18:32:12,753:INFO:Cross validating with KFold(n_splits=10, random_state=None, shuffle=False), n_jobs=-1
2023-08-28 18:32:20,676:INFO:Calculating mean and std
2023-08-28 18:32:20,677:INFO:Creating metrics dataframe
2023-08-28 18:32:20,680:INFO:Finalizing model
2023-08-28 18:32:20,863:INFO:Uploading results into container
2023-08-28 18:32:20,864:INFO:Uploading model into container now
2023-08-28 18:32:20,875:INFO:_master_model_container: 1
2023-08-28 18:32:20,876:INFO:_display_container: 2
2023-08-28 18:32:20,876:INFO:LinearRegression(n_jobs=-1)
2023-08-28 18:32:20,876:INFO:create_model() successfully completed......................................
2023-08-28 18:32:20,983:INFO:Initializing plot_model()
2023-08-28 18:32:20,984:INFO:plot_model(plot=residuals, fold=None, verbose=True, display=None, display_format=None, estimator=LinearRegression(n_jobs=-1), feature_name=None, fit_kwargs=None, groups=None, label=False, plot_kwargs=None, save=False, scale=1, self=<pycaret.regression.oop.RegressionExperiment object at 0x7f82fa753f40>, system=True)
2023-08-28 18:32:20,984:INFO:Checking exceptions
2023-08-28 18:32:20,986:INFO:Preloading libraries
2023-08-28 18:32:20,986:INFO:Copying training dataset
2023-08-28 18:32:20,986:INFO:Plot type: residuals
2023-08-28 18:32:21,569:INFO:Fitting Model
2023-08-28 18:32:21,578:WARNING:/workspaces/GCP-Kubernetes-ML-app/venv/lib/python3.10/site-packages/sklearn/base.py:439: UserWarning: X does not have valid feature names, but LinearRegression was fitted with feature names
  warnings.warn(

2023-08-28 18:32:21,631:INFO:Scoring test/hold-out set
2023-08-28 18:32:21,785:INFO:Visual Rendered Successfully
2023-08-28 18:32:21,890:INFO:plot_model() successfully completed......................................
2023-08-28 18:32:21,933:INFO:Initializing save_model()
2023-08-28 18:32:21,934:INFO:save_model(model=LinearRegression(n_jobs=-1), model_name=deployment-nummer-1, prep_pipe_=Pipeline(memory=FastMemory(location=/tmp/joblib),
         steps=[('numerical_imputer',
                 TransformerWrapper(include=['age', 'bmi', 'children'],
                                    transformer=SimpleImputer())),
                ('categorical_imputer',
                 TransformerWrapper(include=['sex', 'smoker', 'region'],
                                    transformer=SimpleImputer(strategy='most_frequent'))),
                ('ordinal_encoding',
                 TransformerWrapper(include=['sex', 'smoker...
                 TransformerWrapper(transformer=PolynomialFeatures(include_bias=False))),
                ('bin_numeric_features',
                 TransformerWrapper(include=['age', 'bmi'],
                                    transformer=KBinsDiscretizer(encode='ordinal',
                                                                 strategy='kmeans'))),
                ('normalize', TransformerWrapper(transformer=StandardScaler())),
                ('feature_selection',
                 TransformerWrapper(exclude=[],
                                    transformer=SelectFromModel(estimator=LGBMRegressor(),
                                                                max_features=1,
                                                                threshold=-inf)))]), verbose=True, use_case=MLUsecase.REGRESSION, kwargs={})
2023-08-28 18:32:21,934:INFO:Adding model into prep_pipe
2023-08-28 18:32:21,960:INFO:deployment-nummer-1.pkl saved in current working directory
2023-08-28 18:32:22,004:INFO:Pipeline(memory=FastMemory(location=/tmp/joblib),
         steps=[('numerical_imputer',
                 TransformerWrapper(include=['age', 'bmi', 'children'],
                                    transformer=SimpleImputer())),
                ('categorical_imputer',
                 TransformerWrapper(include=['sex', 'smoker', 'region'],
                                    transformer=SimpleImputer(strategy='most_frequent'))),
                ('ordinal_encoding',
                 TransformerWrapper(include=['sex', 'smoker...
                 TransformerWrapper(include=['age', 'bmi'],
                                    transformer=KBinsDiscretizer(encode='ordinal',
                                                                 strategy='kmeans'))),
                ('normalize', TransformerWrapper(transformer=StandardScaler())),
                ('feature_selection',
                 TransformerWrapper(exclude=[],
                                    transformer=SelectFromModel(estimator=LGBMRegressor(),
                                                                max_features=1,
                                                                threshold=-inf))),
                ('trained_model', LinearRegression(n_jobs=-1))])
2023-08-28 18:32:22,004:INFO:save_model() successfully completed......................................
2023-08-28 19:07:47,889:WARNING:
'cuml' is a soft dependency and not included in the pycaret installation. Please run: `pip install cuml` to install.
2023-08-28 19:07:47,890:WARNING:
'cuml' is a soft dependency and not included in the pycaret installation. Please run: `pip install cuml` to install.
2023-08-28 19:07:47,890:WARNING:
'cuml' is a soft dependency and not included in the pycaret installation. Please run: `pip install cuml` to install.
2023-08-28 19:07:47,890:WARNING:
'cuml' is a soft dependency and not included in the pycaret installation. Please run: `pip install cuml` to install.
2023-08-28 19:07:48,008:INFO:Initializing load_model()
2023-08-28 19:07:48,008:INFO:load_model(model_name=deployment-nummer-1, platform=None, authentication=None, verbose=True)
2023-08-28 19:08:18,143:INFO:Initializing load_model()
2023-08-28 19:08:18,143:INFO:load_model(model_name=deployment-nummer-1, platform=None, authentication=None, verbose=True)
2023-08-28 19:09:06,244:INFO:Initializing load_model()
2023-08-28 19:09:06,245:INFO:load_model(model_name=deployment-nummer-1, platform=None, authentication=None, verbose=True)
2023-08-28 19:09:30,538:INFO:Initializing load_model()
2023-08-28 19:09:30,539:INFO:load_model(model_name=deployment-nummer-1, platform=None, authentication=None, verbose=True)
2023-08-28 19:10:06,667:INFO:Initializing load_model()
2023-08-28 19:10:06,668:INFO:load_model(model_name=deployment-nummer-1, platform=None, authentication=None, verbose=True)
2023-08-28 19:10:29,562:INFO:Initializing load_model()
2023-08-28 19:10:29,563:INFO:load_model(model_name=deployment-nummer-1, platform=None, authentication=None, verbose=True)
2023-08-28 19:10:35,207:INFO:Initializing load_model()
2023-08-28 19:10:35,207:INFO:load_model(model_name=deployment-nummer-1, platform=None, authentication=None, verbose=True)
2023-08-28 19:10:37,841:INFO:Initializing load_model()
2023-08-28 19:10:37,841:INFO:load_model(model_name=deployment-nummer-1, platform=None, authentication=None, verbose=True)
2023-08-28 19:10:49,859:INFO:Initializing load_model()
2023-08-28 19:10:49,859:INFO:load_model(model_name=deployment-nummer-1, platform=None, authentication=None, verbose=True)
2023-08-28 19:10:52,769:INFO:Initializing load_model()
2023-08-28 19:10:52,770:INFO:load_model(model_name=deployment-nummer-1, platform=None, authentication=None, verbose=True)
2023-08-28 19:11:00,711:INFO:Initializing load_model()
2023-08-28 19:11:00,716:INFO:load_model(model_name=deployment-nummer-1, platform=None, authentication=None, verbose=True)
2023-08-28 19:11:08,190:INFO:Initializing load_model()
2023-08-28 19:11:08,191:INFO:load_model(model_name=deployment-nummer-1, platform=None, authentication=None, verbose=True)
2023-08-28 19:11:08,400:INFO:Initializing load_model()
2023-08-28 19:11:08,401:INFO:load_model(model_name=deployment-nummer-1, platform=None, authentication=None, verbose=True)
2023-08-28 19:11:08,469:INFO:Initializing predict_model()
2023-08-28 19:11:08,470:INFO:predict_model(self=<pycaret.regression.oop.RegressionExperiment object at 0x7f226a3ad1b0>, estimator=Pipeline(memory=FastMemory(location=/tmp/joblib),
         steps=[('numerical_imputer',
                 TransformerWrapper(include=['age', 'bmi', 'children'],
                                    transformer=SimpleImputer())),
                ('categorical_imputer',
                 TransformerWrapper(include=['sex', 'smoker', 'region'],
                                    transformer=SimpleImputer(strategy='most_frequent'))),
                ('ordinal_encoding',
                 TransformerWrapper(include=['sex', 'smoker...
                 TransformerWrapper(include=['age', 'bmi'],
                                    transformer=KBinsDiscretizer(encode='ordinal',
                                                                 strategy='kmeans'))),
                ('normalize', TransformerWrapper(transformer=StandardScaler())),
                ('feature_selection',
                 TransformerWrapper(exclude=[],
                                    transformer=SelectFromModel(estimator=LGBMRegressor(),
                                                                max_features=1,
                                                                threshold=-inf))),
                ('trained_model', LinearRegression(n_jobs=-1))]), probability_threshold=None, encoded_labels=False, raw_score=False, round=4, verbose=True, ml_usecase=None, preprocess=True, encode_labels=<function _SupervisedExperiment.predict_model.<locals>.encode_labels at 0x7f226940f640>)
2023-08-28 19:11:08,470:INFO:Checking exceptions
2023-08-28 19:11:08,470:INFO:Preloading libraries
2023-08-28 19:11:08,471:INFO:Set up data.
2023-08-28 19:11:08,475:INFO:Set up index.
2023-08-28 19:11:44,200:INFO:Initializing load_model()
2023-08-28 19:11:44,201:INFO:load_model(model_name=deployment-nummer-1, platform=None, authentication=None, verbose=True)
2023-08-28 19:11:53,017:INFO:Initializing load_model()
2023-08-28 19:11:53,018:INFO:load_model(model_name=deployment-nummer-1, platform=None, authentication=None, verbose=True)
2023-08-28 19:11:55,441:INFO:Initializing load_model()
2023-08-28 19:11:55,441:INFO:load_model(model_name=deployment-nummer-1, platform=None, authentication=None, verbose=True)
2023-08-28 19:11:56,682:INFO:Initializing load_model()
2023-08-28 19:11:56,683:INFO:load_model(model_name=deployment-nummer-1, platform=None, authentication=None, verbose=True)
2023-08-28 19:11:56,702:INFO:Initializing load_model()
2023-08-28 19:11:56,702:INFO:load_model(model_name=deployment-nummer-1, platform=None, authentication=None, verbose=True)
2023-08-28 19:11:59,915:INFO:Initializing load_model()
2023-08-28 19:11:59,915:INFO:load_model(model_name=deployment-nummer-1, platform=None, authentication=None, verbose=True)
2023-08-28 19:12:02,051:INFO:Initializing load_model()
2023-08-28 19:12:02,051:INFO:load_model(model_name=deployment-nummer-1, platform=None, authentication=None, verbose=True)
2023-08-28 19:12:13,619:INFO:Initializing load_model()
2023-08-28 19:12:13,620:INFO:load_model(model_name=deployment-nummer-1, platform=None, authentication=None, verbose=True)
2023-08-28 19:12:13,686:INFO:Initializing predict_model()
2023-08-28 19:12:13,687:INFO:predict_model(self=<pycaret.regression.oop.RegressionExperiment object at 0x7f2269444970>, estimator=Pipeline(memory=FastMemory(location=/tmp/joblib),
         steps=[('numerical_imputer',
                 TransformerWrapper(include=['age', 'bmi', 'children'],
                                    transformer=SimpleImputer())),
                ('categorical_imputer',
                 TransformerWrapper(include=['sex', 'smoker', 'region'],
                                    transformer=SimpleImputer(strategy='most_frequent'))),
                ('ordinal_encoding',
                 TransformerWrapper(include=['sex', 'smoker...
                 TransformerWrapper(include=['age', 'bmi'],
                                    transformer=KBinsDiscretizer(encode='ordinal',
                                                                 strategy='kmeans'))),
                ('normalize', TransformerWrapper(transformer=StandardScaler())),
                ('feature_selection',
                 TransformerWrapper(exclude=[],
                                    transformer=SelectFromModel(estimator=LGBMRegressor(),
                                                                max_features=1,
                                                                threshold=-inf))),
                ('trained_model', LinearRegression(n_jobs=-1))]), probability_threshold=None, encoded_labels=False, raw_score=False, round=4, verbose=True, ml_usecase=None, preprocess=True, encode_labels=<function _SupervisedExperiment.predict_model.<locals>.encode_labels at 0x7f2282cbc4c0>)
2023-08-28 19:12:13,687:INFO:Checking exceptions
2023-08-28 19:12:13,687:INFO:Preloading libraries
2023-08-28 19:12:13,688:INFO:Set up data.
2023-08-28 19:12:13,693:INFO:Set up index.
2023-08-28 19:12:44,368:INFO:Initializing load_model()
2023-08-28 19:12:44,368:INFO:load_model(model_name=deployment-nummer-1, platform=None, authentication=None, verbose=True)
2023-08-28 19:12:45,672:INFO:Initializing load_model()
2023-08-28 19:12:45,672:INFO:load_model(model_name=deployment-nummer-1, platform=None, authentication=None, verbose=True)
2023-08-28 19:12:45,694:INFO:Initializing load_model()
2023-08-28 19:12:45,694:INFO:load_model(model_name=deployment-nummer-1, platform=None, authentication=None, verbose=True)
2023-08-28 19:12:49,031:INFO:Initializing load_model()
2023-08-28 19:12:49,031:INFO:load_model(model_name=deployment-nummer-1, platform=None, authentication=None, verbose=True)
2023-08-28 19:12:49,097:INFO:Initializing predict_model()
2023-08-28 19:12:49,098:INFO:predict_model(self=<pycaret.regression.oop.RegressionExperiment object at 0x7f2282ec42b0>, estimator=Pipeline(memory=FastMemory(location=/tmp/joblib),
         steps=[('numerical_imputer',
                 TransformerWrapper(include=['age', 'bmi', 'children'],
                                    transformer=SimpleImputer())),
                ('categorical_imputer',
                 TransformerWrapper(include=['sex', 'smoker', 'region'],
                                    transformer=SimpleImputer(strategy='most_frequent'))),
                ('ordinal_encoding',
                 TransformerWrapper(include=['sex', 'smoker...
                 TransformerWrapper(include=['age', 'bmi'],
                                    transformer=KBinsDiscretizer(encode='ordinal',
                                                                 strategy='kmeans'))),
                ('normalize', TransformerWrapper(transformer=StandardScaler())),
                ('feature_selection',
                 TransformerWrapper(exclude=[],
                                    transformer=SelectFromModel(estimator=LGBMRegressor(),
                                                                max_features=1,
                                                                threshold=-inf))),
                ('trained_model', LinearRegression(n_jobs=-1))]), probability_threshold=None, encoded_labels=False, raw_score=False, round=4, verbose=True, ml_usecase=None, preprocess=True, encode_labels=<function _SupervisedExperiment.predict_model.<locals>.encode_labels at 0x7f2282cbee60>)
2023-08-28 19:12:49,098:INFO:Checking exceptions
2023-08-28 19:12:49,099:INFO:Preloading libraries
2023-08-28 19:12:49,100:INFO:Set up data.
2023-08-28 19:12:49,105:INFO:Set up index.
2023-08-28 19:13:02,980:INFO:Initializing load_model()
2023-08-28 19:13:02,980:INFO:load_model(model_name=deployment-nummer-1, platform=None, authentication=None, verbose=True)
2023-08-28 19:13:07,816:INFO:Initializing load_model()
2023-08-28 19:13:07,817:INFO:load_model(model_name=deployment-nummer-1, platform=None, authentication=None, verbose=True)
2023-08-28 19:13:07,881:INFO:Initializing predict_model()
2023-08-28 19:13:07,881:INFO:predict_model(self=<pycaret.regression.oop.RegressionExperiment object at 0x7f2282e8bdf0>, estimator=Pipeline(memory=FastMemory(location=/tmp/joblib),
         steps=[('numerical_imputer',
                 TransformerWrapper(include=['age', 'bmi', 'children'],
                                    transformer=SimpleImputer())),
                ('categorical_imputer',
                 TransformerWrapper(include=['sex', 'smoker', 'region'],
                                    transformer=SimpleImputer(strategy='most_frequent'))),
                ('ordinal_encoding',
                 TransformerWrapper(include=['sex', 'smoker...
                 TransformerWrapper(include=['age', 'bmi'],
                                    transformer=KBinsDiscretizer(encode='ordinal',
                                                                 strategy='kmeans'))),
                ('normalize', TransformerWrapper(transformer=StandardScaler())),
                ('feature_selection',
                 TransformerWrapper(exclude=[],
                                    transformer=SelectFromModel(estimator=LGBMRegressor(),
                                                                max_features=1,
                                                                threshold=-inf))),
                ('trained_model', LinearRegression(n_jobs=-1))]), probability_threshold=None, encoded_labels=False, raw_score=False, round=4, verbose=True, ml_usecase=None, preprocess=True, encode_labels=<function _SupervisedExperiment.predict_model.<locals>.encode_labels at 0x7f2282cbc1f0>)
2023-08-28 19:13:07,882:INFO:Checking exceptions
2023-08-28 19:13:07,882:INFO:Preloading libraries
2023-08-28 19:13:07,883:INFO:Set up data.
2023-08-28 19:13:07,888:INFO:Set up index.
2023-08-28 19:13:24,164:INFO:Initializing load_model()
2023-08-28 19:13:24,164:INFO:load_model(model_name=deployment-nummer-1, platform=None, authentication=None, verbose=True)
2023-08-28 19:13:26,974:INFO:Initializing load_model()
2023-08-28 19:13:26,975:INFO:load_model(model_name=deployment-nummer-1, platform=None, authentication=None, verbose=True)
2023-08-28 19:13:27,040:INFO:Initializing predict_model()
2023-08-28 19:13:27,041:INFO:predict_model(self=<pycaret.regression.oop.RegressionExperiment object at 0x7f2282ce4520>, estimator=Pipeline(memory=FastMemory(location=/tmp/joblib),
         steps=[('numerical_imputer',
                 TransformerWrapper(include=['age', 'bmi', 'children'],
                                    transformer=SimpleImputer())),
                ('categorical_imputer',
                 TransformerWrapper(include=['sex', 'smoker', 'region'],
                                    transformer=SimpleImputer(strategy='most_frequent'))),
                ('ordinal_encoding',
                 TransformerWrapper(include=['sex', 'smoker...
                 TransformerWrapper(include=['age', 'bmi'],
                                    transformer=KBinsDiscretizer(encode='ordinal',
                                                                 strategy='kmeans'))),
                ('normalize', TransformerWrapper(transformer=StandardScaler())),
                ('feature_selection',
                 TransformerWrapper(exclude=[],
                                    transformer=SelectFromModel(estimator=LGBMRegressor(),
                                                                max_features=1,
                                                                threshold=-inf))),
                ('trained_model', LinearRegression(n_jobs=-1))]), probability_threshold=None, encoded_labels=False, raw_score=False, round=4, verbose=True, ml_usecase=None, preprocess=True, encode_labels=<function _SupervisedExperiment.predict_model.<locals>.encode_labels at 0x7f2282cbe3b0>)
2023-08-28 19:13:27,042:INFO:Checking exceptions
2023-08-28 19:13:27,042:INFO:Preloading libraries
2023-08-28 19:13:27,043:INFO:Set up data.
2023-08-28 19:13:27,048:INFO:Set up index.
2023-08-28 19:13:35,374:INFO:Initializing load_model()
2023-08-28 19:13:35,374:INFO:load_model(model_name=deployment-nummer-1, platform=None, authentication=None, verbose=True)
2023-08-28 19:13:39,284:INFO:Initializing load_model()
2023-08-28 19:13:39,285:INFO:load_model(model_name=deployment-nummer-1, platform=None, authentication=None, verbose=True)
2023-08-28 19:14:05,427:INFO:Initializing load_model()
2023-08-28 19:14:05,428:INFO:load_model(model_name=deployment-nummer-1, platform=None, authentication=None, verbose=True)
2023-08-28 19:16:37,180:INFO:Initializing load_model()
2023-08-28 19:16:37,181:INFO:load_model(model_name=deployment-nummer-1, platform=None, authentication=None, verbose=True)
2023-08-28 19:16:51,415:INFO:Initializing load_model()
2023-08-28 19:16:51,415:INFO:load_model(model_name=deployment-nummer-1, platform=None, authentication=None, verbose=True)
